[2026-05-07 19:03:25] [INFO] crypto_utils - Generating RSA-2048 keypair
[2026-05-07 19:03:25] [INFO] crypto_utils - Keys saved to C:\Users\parni\Desktop\Projects\Secure File Transfer System\keys/server_{private,public}.pem
[2026-05-07 19:04:05] [INFO] SERVER - Loading existing RSA keypair from keys/
[2026-05-07 19:04:05] [INFO] SERVER - SECURE FILE TRANSFER SERVER - READY
[2026-05-07 19:04:05] [INFO] SERVER - Listening on: 127.0.0.1:9999
[2026-05-07 19:04:05] [INFO] SERVER - Encryption: RSA-2048 key exchange + AES-256-CBC
[2026-05-07 19:04:05] [INFO] SERVER - Integrity: SHA-256 file verification
[2026-05-07 19:04:05] [INFO] SERVER - Output dir: C:\Users\parni\Desktop\Projects\Secure File Transfer System\received
[2026-05-07 19:04:05] [INFO] SERVER - Waiting for connections (Ctrl+C to stop)
[2026-05-07 19:05:04] [INFO] CLIENT - SECURE FILE TRANSFER CLIENT
[2026-05-07 19:05:04] [INFO] CLIENT - Target file: test.txt
[2026-05-07 19:05:04] [INFO] CLIENT - File size: 200 bytes (0.2 KB)
[2026-05-07 19:05:04] [INFO] CLIENT - Server: 127.0.0.1:9999
[2026-05-07 19:05:04] [INFO] CLIENT - Computing SHA-256 of original file
[2026-05-07 19:05:04] [INFO] CLIENT - SHA-256: 9388cb164088c21d0b5a9a621b5c372acecc5fcd48a2e23d85532bdf0c7cfe61
[2026-05-07 19:05:04] [INFO] CLIENT - [1/5] Connected to server in 1.4ms
[2026-05-07 19:05:04] [INFO] SERVER - New connection from 127.0.0.1:64983
[2026-05-07 19:05:04] [INFO] SERVER - [1/5] RSA public key sent (451 bytes)
[2026-05-07 19:05:04] [INFO] CLIENT - [2/5] Received server RSA public key (451 bytes)
[2026-05-07 19:05:04] [INFO] CLIENT - [3/5] AES-256 session key generated and sent (RSA-encrypted: 256 bytes)
[2026-05-07 19:05:04] [INFO] CLIENT - [4/5] Metadata sent (encrypted) - 1 chunks of 64 KB each
[2026-05-07 19:05:04] [INFO] CLIENT - [5/5] Streaming encrypted file
[2026-05-07 19:05:04] [INFO] SERVER - [2/5] AES-256 session key received and decrypted (RSA ciphertext: 256 bytes)
[2026-05-07 19:05:04] [INFO] SERVER - [3/5] Metadata - file: 'test.txt' | size: 200 bytes | chunks: 1
[2026-05-07 19:05:04] [INFO] SERVER - Expected SHA-256: 9388cb164088c21d0b5a9a621b5c372acecc5fcd48a2e23d85532bdf0c7cfe61
[2026-05-07 19:05:04] [INFO] SERVER - [4/5] Receiving 1 encrypted chunks
[2026-05-07 19:05:04] [INFO] SERVER - Progress: 100% (1/1 chunks)
[2026-05-07 19:05:04] [INFO] SERVER - [5/5] Integrity check:
[2026-05-07 19:05:04] [INFO] SERVER - Expected : 9388cb164088c21d0b5a9a621b5c372acecc5fcd48a2e23d85532bdf0c7cfe61
[2026-05-07 19:05:04] [INFO] SERVER - Received : 9388cb164088c21d0b5a9a621b5c372acecc5fcd48a2e23d85532bdf0c7cfe61
[2026-05-07 19:05:04] [INFO] SERVER - INTEGRITY VERIFIED - file is intact
[2026-05-07 19:05:04] [INFO] SERVER - Session summary
[2026-05-07 19:05:04] [INFO] CLIENT - SERVER CONFIRMED: File integrity VERIFIED
[2026-05-07 19:05:04] [INFO] SERVER - File saved: C:\Users\parni\Desktop\Projects\Secure File Transfer System\received\test.txt
[2026-05-07 19:05:04] [INFO] CLIENT - Server SHA-256: 9388cb164088c21d0b5a9a621b5c372acecc5fcd48a2e23d85532bdf0c7cfe61
[2026-05-07 19:05:04] [INFO] SERVER - Original size: 200 bytes
[2026-05-07 19:05:04] [INFO] CLIENT - Match: True
[2026-05-07 19:05:04] [INFO] SERVER - Wire size: 224 bytes (+12.0% encryption overhead)
[2026-05-07 19:05:04] [INFO] CLIENT - Transfer Statistics:
[2026-05-07 19:05:04] [INFO] SERVER - Transfer time: 0.100s
[2026-05-07 19:05:04] [INFO] SERVER - Throughput: 0.00 MB/s (encrypted)
[2026-05-07 19:05:04] [INFO] CLIENT - Original size: 200 bytes
[2026-05-07 19:05:04] [INFO] CLIENT - Wire size: 224 bytes
[2026-05-07 19:05:04] [INFO] SERVER - Connection with 127.0.0.1:64983 closed.
[2026-05-07 19:05:04] [INFO] CLIENT - Enc overhead: +12.0%
[2026-05-07 19:05:04] [INFO] CLIENT - Transfer time: 0.036s
[2026-05-07 19:05:04] [INFO] CLIENT - Throughput: 0.01 MB/s
[2026-05-07 19:05:04] [INFO] CLIENT - Session key: 3f08fdbc60080a65 (AES-256, ephemeral)
[2026-05-07 19:35:05] [INFO] API - Starting Flask API server on http://localhost:5000
[2026-05-07 19:35:26] [INFO] API - Server process started (PID: 31640)
[2026-05-07 19:35:26] [INFO] SERVER - Loading existing RSA keypair from keys/
[2026-05-07 19:35:26] [INFO] SERVER - SECURE FILE TRANSFER SERVER - READY
[2026-05-07 19:35:26] [INFO] SERVER - Listening on: 127.0.0.1:9999
[2026-05-07 19:35:26] [INFO] SERVER - Encryption: RSA-2048 key exchange + AES-256-CBC
[2026-05-07 19:35:26] [INFO] SERVER - Integrity: SHA-256 file verification
[2026-05-07 19:35:26] [INFO] SERVER - Output dir: C:\Users\parni\Desktop\Projects\Secure File Transfer System\received
[2026-05-07 19:35:26] [INFO] SERVER - Waiting for connections (Ctrl+C to stop)
[2026-05-07 19:35:54] [INFO] API - Server process terminated
[2026-05-07 19:38:18] [INFO] API - Starting Flask API server on http://localhost:5000
[2026-05-07 19:47:00] [INFO] API - Starting Flask API server on http://localhost:5000
[2026-05-07 19:47:16] [INFO] API - Server process started (PID: 24532)
[2026-05-07 19:47:17] [INFO] SERVER - Loading existing RSA keypair from keys/
[2026-05-07 19:47:17] [INFO] SERVER - SECURE FILE TRANSFER SERVER - READY
[2026-05-07 19:47:17] [INFO] SERVER - Listening on: 127.0.0.1:9999
[2026-05-07 19:47:17] [INFO] SERVER - Encryption: RSA-2048 key exchange + AES-256-CBC
[2026-05-07 19:47:17] [INFO] SERVER - Integrity: SHA-256 file verification
[2026-05-07 19:47:17] [INFO] SERVER - Output dir: C:\Users\parni\Desktop\Projects\Secure File Transfer System\received
[2026-05-07 19:47:17] [INFO] SERVER - Waiting for connections (Ctrl+C to stop)
[2026-05-07 19:47:25] [INFO] CLIENT - SECURE FILE TRANSFER CLIENT
[2026-05-07 19:47:25] [INFO] CLIENT - Target file: requirements.txt
[2026-05-07 19:47:25] [INFO] CLIENT - File size: 414 bytes (0.4 KB)
[2026-05-07 19:47:25] [INFO] CLIENT - Server: 127.0.0.1:9999
[2026-05-07 19:47:25] [INFO] CLIENT - Computing SHA-256 of original file
[2026-05-07 19:47:25] [INFO] CLIENT - SHA-256: 18729e1ddf3a8c98da85cdbf4b12a6e2a1c1c749cdfe79350ecff2091c1e71bc
[2026-05-07 19:47:25] [INFO] CLIENT - [1/5] Connected to server in 3.2ms
[2026-05-07 19:47:25] [INFO] SERVER - New connection from 127.0.0.1:60157
[2026-05-07 19:47:25] [INFO] SERVER - [1/5] RSA public key sent (451 bytes)
[2026-05-07 19:47:25] [INFO] CLIENT - [2/5] Received server RSA public key (451 bytes)
[2026-05-07 19:47:25] [INFO] CLIENT - [3/5] AES-256 session key generated and sent (RSA-encrypted: 256 bytes)
[2026-05-07 19:47:25] [INFO] SERVER - [2/5] AES-256 session key received and decrypted (RSA ciphertext: 256 bytes)
[2026-05-07 19:47:25] [INFO] CLIENT - [4/5] Metadata sent (encrypted) - 1 chunks of 64 KB each
[2026-05-07 19:47:25] [INFO] CLIENT - [5/5] Streaming encrypted file
[2026-05-07 19:47:25] [INFO] SERVER - [3/5] Metadata - file: 'requirements.txt' | size: 414 bytes | chunks: 1
[2026-05-07 19:47:25] [INFO] SERVER - Expected SHA-256: 18729e1ddf3a8c98da85cdbf4b12a6e2a1c1c749cdfe79350ecff2091c1e71bc
[2026-05-07 19:47:25] [INFO] SERVER - [4/5] Receiving 1 encrypted chunks
[2026-05-07 19:47:25] [INFO] SERVER - Progress: 100% (1/1 chunks)
[2026-05-07 19:47:25] [INFO] SERVER - [5/5] Integrity check:
[2026-05-07 19:47:25] [INFO] SERVER - Expected : 18729e1ddf3a8c98da85cdbf4b12a6e2a1c1c749cdfe79350ecff2091c1e71bc
[2026-05-07 19:47:25] [INFO] SERVER - Received : 18729e1ddf3a8c98da85cdbf4b12a6e2a1c1c749cdfe79350ecff2091c1e71bc
[2026-05-07 19:47:25] [INFO] SERVER - INTEGRITY VERIFIED - file is intact
[2026-05-07 19:47:25] [INFO] SERVER - Session summary
[2026-05-07 19:47:25] [INFO] SERVER - File saved: C:\Users\parni\Desktop\Projects\Secure File Transfer System\received\requirements.txt
[2026-05-07 19:47:25] [INFO] SERVER - Original size: 414 bytes
[2026-05-07 19:47:25] [INFO] SERVER - Wire size: 432 bytes (+4.3% encryption overhead)
[2026-05-07 19:47:25] [INFO] SERVER - Transfer time: 0.079s
[2026-05-07 19:47:25] [INFO] SERVER - Throughput: 0.01 MB/s (encrypted)
[2026-05-07 19:47:25] [INFO] SERVER - Connection with 127.0.0.1:60157 closed.
[2026-05-07 19:47:25] [INFO] CLIENT - SERVER CONFIRMED: File integrity VERIFIED
[2026-05-07 19:47:25] [INFO] CLIENT - Server SHA-256: 18729e1ddf3a8c98da85cdbf4b12a6e2a1c1c749cdfe79350ecff2091c1e71bc
[2026-05-07 19:47:25] [INFO] CLIENT - Match: True
[2026-05-07 19:47:25] [INFO] CLIENT - Transfer Statistics:
[2026-05-07 19:47:25] [INFO] CLIENT - Original size: 414 bytes
[2026-05-07 19:47:25] [INFO] CLIENT - Wire size: 432 bytes
[2026-05-07 19:47:25] [INFO] CLIENT - Enc overhead: +4.3%
[2026-05-07 19:47:25] [INFO] CLIENT - Transfer time: 0.022s
[2026-05-07 19:47:25] [INFO] CLIENT - Throughput: 0.02 MB/s
[2026-05-07 19:47:25] [INFO] CLIENT - Session key: 218062d27e15b76f (AES-256, ephemeral)
[2026-05-07 19:47:48] [INFO] API - Server process terminated
[2026-05-07 19:48:05] [INFO] BENCHMARK - Generating synthetic 64 KB test data
[2026-05-07 19:48:05] [INFO] BENCHMARK - 
  Running benchmark on: Synthetic 64 KB (65,536 bytes)
[2026-05-07 19:48:05] [INFO] BENCHMARK -   [1/2] Plaintext transfer
[2026-05-07 19:48:05] [INFO] BENCHMARK -   [2/2] Encrypted transfer
[2026-05-07 19:48:05] [INFO] crypto_utils - Generating RSA-2048 keypair
[2026-05-07 19:48:05] [INFO] BENCHMARK - Generating synthetic 256 KB test data
[2026-05-07 19:48:05] [INFO] BENCHMARK - 
  Running benchmark on: Synthetic 256 KB (262,144 bytes)
[2026-05-07 19:48:05] [INFO] BENCHMARK -   [1/2] Plaintext transfer
[2026-05-07 19:48:05] [INFO] BENCHMARK -   [2/2] Encrypted transfer
[2026-05-07 19:48:05] [INFO] crypto_utils - Generating RSA-2048 keypair
[2026-05-07 19:48:05] [INFO] BENCHMARK - Generating synthetic 1024 KB test data
[2026-05-07 19:48:05] [INFO] BENCHMARK - 
  Running benchmark on: Synthetic 1024 KB (1,048,576 bytes)
[2026-05-07 19:48:05] [INFO] BENCHMARK -   [1/2] Plaintext transfer
[2026-05-07 19:48:05] [INFO] BENCHMARK -   [2/2] Encrypted transfer
[2026-05-07 19:48:05] [INFO] crypto_utils - Generating RSA-2048 keypair
[2026-05-07 19:48:14] [INFO] API - Server process started (PID: 10488)
[2026-05-07 19:48:14] [INFO] SERVER - Loading existing RSA keypair from keys/
[2026-05-07 19:48:14] [INFO] SERVER - SECURE FILE TRANSFER SERVER - READY
[2026-05-07 19:48:14] [INFO] SERVER - Listening on: 127.0.0.1:9999
[2026-05-07 19:48:14] [INFO] SERVER - Encryption: RSA-2048 key exchange + AES-256-CBC
[2026-05-07 19:48:14] [INFO] SERVER - Integrity: SHA-256 file verification
[2026-05-07 19:48:14] [INFO] SERVER - Output dir: C:\Users\parni\Desktop\Projects\Secure File Transfer System\received
[2026-05-07 19:48:14] [INFO] SERVER - Waiting for connections (Ctrl+C to stop)
[2026-05-07 20:21:54] [INFO] API - Starting Flask API server on http://localhost:5000
[2026-05-07 20:22:38] [INFO] API - Starting Flask API server on http://localhost:5000
[2026-05-07 20:25:29] [INFO] API - Starting Flask API server on http://localhost:5000
[2026-05-07 21:08:00] [INFO] API - Starting Flask API server on http://localhost:5000
[2026-05-07 21:10:08] [INFO] API - Starting Flask API server on http://localhost:5000
[2026-05-07 21:30:47] [INFO] API - Starting Flask API server on http://localhost:5000
[2026-05-07 21:31:05] [INFO] API - Server process started (PID: 28664)
[2026-05-07 21:31:05] [INFO] SERVER - Loading existing RSA keypair from keys/
[2026-05-07 21:31:05] [INFO] SERVER - SECURE FILE TRANSFER SERVER - READY
[2026-05-07 21:31:05] [INFO] SERVER - Listening on: 127.0.0.1:9999
[2026-05-07 21:31:05] [INFO] SERVER - Encryption: RSA-2048 key exchange + AES-256-CBC
[2026-05-07 21:31:05] [INFO] SERVER - Integrity: SHA-256 file verification
[2026-05-07 21:31:05] [INFO] SERVER - Output dir: C:\Users\parni\Desktop\Projects\Secure File Transfer System 1\received
[2026-05-07 21:31:05] [INFO] SERVER - Waiting for connections (Ctrl+C to stop)
[2026-05-07 21:31:19] [INFO] CLIENT - SECURE FILE TRANSFER CLIENT
[2026-05-07 21:31:19] [INFO] CLIENT - Target file: test.txt
[2026-05-07 21:31:19] [INFO] CLIENT - File size: 200 bytes (0.2 KB)
[2026-05-07 21:31:19] [INFO] CLIENT - Server: 127.0.0.1:9999
[2026-05-07 21:31:19] [INFO] CLIENT - Computing SHA-256 of original file
[2026-05-07 21:31:19] [INFO] CLIENT - SHA-256: 9388cb164088c21d0b5a9a621b5c372acecc5fcd48a2e23d85532bdf0c7cfe61
[2026-05-07 21:31:19] [INFO] CLIENT - [1/5] Connected to server in 0.9ms
[2026-05-07 21:31:19] [INFO] SERVER - New connection from 127.0.0.1:64849
[2026-05-07 21:31:19] [INFO] SERVER - [1/5] RSA public key sent (451 bytes)
[2026-05-07 21:31:19] [INFO] CLIENT - [2/5] Received server RSA public key (451 bytes)
[2026-05-07 21:31:19] [INFO] CLIENT - [3/5] AES-256 session key generated and sent (RSA-encrypted: 256 bytes)
[2026-05-07 21:31:19] [INFO] SERVER - [2/5] AES-256 session key received and decrypted (RSA ciphertext: 256 bytes)
[2026-05-07 21:31:19] [INFO] CLIENT - [4/5] Metadata sent (encrypted) - 1 chunks of 64 KB each
[2026-05-07 21:31:19] [INFO] CLIENT - [5/5] Streaming encrypted file
[2026-05-07 21:31:19] [INFO] SERVER - [3/5] Metadata - file: 'test.txt' | size: 200 bytes | chunks: 1
[2026-05-07 21:31:19] [INFO] SERVER - Expected SHA-256: 9388cb164088c21d0b5a9a621b5c372acecc5fcd48a2e23d85532bdf0c7cfe61
[2026-05-07 21:31:19] [INFO] SERVER - [4/5] Receiving 1 encrypted chunks
[2026-05-07 21:31:19] [INFO] SERVER - Progress: 100% (1/1 chunks)
[2026-05-07 21:31:19] [INFO] SERVER - [5/5] Integrity check:
[2026-05-07 21:31:19] [INFO] SERVER - Expected : 9388cb164088c21d0b5a9a621b5c372acecc5fcd48a2e23d85532bdf0c7cfe61
[2026-05-07 21:31:19] [INFO] SERVER - Received : 9388cb164088c21d0b5a9a621b5c372acecc5fcd48a2e23d85532bdf0c7cfe61
[2026-05-07 21:31:19] [INFO] SERVER - INTEGRITY VERIFIED - file is intact
[2026-05-07 21:31:19] [INFO] SERVER - Session summary
[2026-05-07 21:31:19] [INFO] SERVER - File saved: C:\Users\parni\Desktop\Projects\Secure File Transfer System 1\received\test.txt
[2026-05-07 21:31:19] [INFO] SERVER - Original size: 200 bytes
[2026-05-07 21:31:19] [INFO] CLIENT - SERVER CONFIRMED: File integrity VERIFIED
[2026-05-07 21:31:19] [INFO] SERVER - Wire size: 224 bytes (+12.0% encryption overhead)
[2026-05-07 21:31:19] [INFO] CLIENT - Server SHA-256: 9388cb164088c21d0b5a9a621b5c372acecc5fcd48a2e23d85532bdf0c7cfe61
[2026-05-07 21:31:19] [INFO] SERVER - Transfer time: 0.089s
[2026-05-07 21:31:19] [INFO] CLIENT - Match: True
[2026-05-07 21:31:19] [INFO] CLIENT - Transfer Statistics:
[2026-05-07 21:31:19] [INFO] CLIENT - Original size: 200 bytes
[2026-05-07 21:31:19] [INFO] CLIENT - Wire size: 224 bytes
[2026-05-07 21:31:19] [INFO] SERVER - Throughput: 0.00 MB/s (encrypted)
[2026-05-07 21:31:19] [INFO] CLIENT - Enc overhead: +12.0%
[2026-05-07 21:31:19] [INFO] CLIENT - Transfer time: 0.037s
[2026-05-07 21:31:19] [INFO] CLIENT - Throughput: 0.01 MB/s
[2026-05-07 21:31:19] [INFO] CLIENT - Session key: fc45d6ed7772a2cd (AES-256, ephemeral)
[2026-05-07 21:31:19] [INFO] SERVER - Connection with 127.0.0.1:64849 closed.
[2026-05-07 21:31:58] [INFO] CLIENT - SECURE FILE TRANSFER CLIENT
[2026-05-07 21:31:58] [INFO] CLIENT - Target file: requirements.txt
[2026-05-07 21:31:58] [INFO] CLIENT - File size: 53 bytes (0.1 KB)
[2026-05-07 21:31:58] [INFO] CLIENT - Server: 127.0.0.1:9999
[2026-05-07 21:31:58] [INFO] CLIENT - Computing SHA-256 of original file
[2026-05-07 21:31:58] [INFO] CLIENT - SHA-256: 993339b2dafd9ecd1a1a73e05eb8acda8981835eab5520fd271220b7a6e8d98b
[2026-05-07 21:31:58] [INFO] CLIENT - [1/5] Connected to server in 0.9ms
[2026-05-07 21:31:58] [INFO] SERVER - New connection from 127.0.0.1:62689
[2026-05-07 21:31:58] [INFO] SERVER - [1/5] RSA public key sent (451 bytes)
[2026-05-07 21:31:58] [INFO] CLIENT - [2/5] Received server RSA public key (451 bytes)
[2026-05-07 21:31:58] [INFO] CLIENT - [3/5] AES-256 session key generated and sent (RSA-encrypted: 256 bytes)
[2026-05-07 21:31:58] [INFO] SERVER - [2/5] AES-256 session key received and decrypted (RSA ciphertext: 256 bytes)
[2026-05-07 21:31:58] [INFO] CLIENT - [4/5] Metadata sent (encrypted) - 1 chunks of 64 KB each
[2026-05-07 21:31:58] [INFO] CLIENT - [5/5] Streaming encrypted file
[2026-05-07 21:31:58] [INFO] SERVER - [3/5] Metadata - file: 'requirements.txt' | size: 53 bytes | chunks: 1
[2026-05-07 21:31:58] [INFO] SERVER - Expected SHA-256: 993339b2dafd9ecd1a1a73e05eb8acda8981835eab5520fd271220b7a6e8d98b
[2026-05-07 21:31:58] [INFO] SERVER - [4/5] Receiving 1 encrypted chunks
[2026-05-07 21:31:58] [INFO] SERVER - Progress: 100% (1/1 chunks)
[2026-05-07 21:31:58] [INFO] SERVER - [5/5] Integrity check:
[2026-05-07 21:31:58] [INFO] SERVER - Expected : 993339b2dafd9ecd1a1a73e05eb8acda8981835eab5520fd271220b7a6e8d98b
[2026-05-07 21:31:58] [INFO] SERVER - Received : 993339b2dafd9ecd1a1a73e05eb8acda8981835eab5520fd271220b7a6e8d98b
[2026-05-07 21:31:58] [INFO] SERVER - INTEGRITY VERIFIED - file is intact
[2026-05-07 21:31:58] [INFO] SERVER - Session summary
[2026-05-07 21:31:58] [INFO] SERVER - File saved: C:\Users\parni\Desktop\Projects\Secure File Transfer System 1\received\requirements.txt
[2026-05-07 21:31:58] [INFO] CLIENT - SERVER CONFIRMED: File integrity VERIFIED
[2026-05-07 21:31:58] [INFO] SERVER - Original size: 53 bytes
[2026-05-07 21:31:58] [INFO] CLIENT - Server SHA-256: 993339b2dafd9ecd1a1a73e05eb8acda8981835eab5520fd271220b7a6e8d98b
[2026-05-07 21:31:58] [INFO] CLIENT - Match: True
[2026-05-07 21:31:58] [INFO] SERVER - Wire size: 80 bytes (+50.9% encryption overhead)
[2026-05-07 21:31:58] [INFO] CLIENT - Transfer Statistics:
[2026-05-07 21:31:58] [INFO] SERVER - Transfer time: 0.080s
[2026-05-07 21:31:58] [INFO] CLIENT - Original size: 53 bytes
[2026-05-07 21:31:58] [INFO] SERVER - Throughput: 0.00 MB/s (encrypted)
[2026-05-07 21:31:58] [INFO] CLIENT - Wire size: 80 bytes
[2026-05-07 21:31:58] [INFO] CLIENT - Enc overhead: +50.9%
[2026-05-07 21:31:58] [INFO] SERVER - Connection with 127.0.0.1:62689 closed.
[2026-05-07 21:31:58] [INFO] CLIENT - Transfer time: 0.022s
[2026-05-07 21:31:58] [INFO] CLIENT - Throughput: 0.00 MB/s
[2026-05-07 21:31:58] [INFO] CLIENT - Session key: c8a8996558f2173b (AES-256, ephemeral)
[2026-05-07 21:32:08] [INFO] BENCHMARK - Generating synthetic 64 KB test data
[2026-05-07 21:32:08] [INFO] BENCHMARK - 
  Running benchmark on: Synthetic 64 KB (65,536 bytes)
[2026-05-07 21:32:08] [INFO] BENCHMARK -   [1/2] Plaintext transfer
[2026-05-07 21:32:08] [INFO] BENCHMARK -   [2/2] Encrypted transfer
[2026-05-07 21:32:08] [INFO] crypto_utils - Generating RSA-2048 keypair
[2026-05-07 21:32:09] [INFO] BENCHMARK - Generating synthetic 256 KB test data
[2026-05-07 21:32:09] [INFO] BENCHMARK - 
  Running benchmark on: Synthetic 256 KB (262,144 bytes)
[2026-05-07 21:32:09] [INFO] BENCHMARK -   [1/2] Plaintext transfer
[2026-05-07 21:32:09] [INFO] BENCHMARK -   [2/2] Encrypted transfer
[2026-05-07 21:32:09] [INFO] crypto_utils - Generating RSA-2048 keypair
[2026-05-07 21:32:09] [INFO] BENCHMARK - Generating synthetic 1024 KB test data
[2026-05-07 21:32:09] [INFO] BENCHMARK - 
  Running benchmark on: Synthetic 1024 KB (1,048,576 bytes)
[2026-05-07 21:32:09] [INFO] BENCHMARK -   [1/2] Plaintext transfer
[2026-05-07 21:32:09] [INFO] BENCHMARK -   [2/2] Encrypted transfer
[2026-05-07 21:32:09] [INFO] crypto_utils - Generating RSA-2048 keypair
[2026-05-07 21:47:01] [INFO] API - Starting Flask API server on http://localhost:5000
[2026-05-07 21:48:19] [INFO] API - Server process started (PID: 12896)
[2026-05-07 21:48:19] [INFO] SERVER - Loading existing RSA keypair from keys/
[2026-05-07 21:48:19] [INFO] SERVER - SECURE FILE TRANSFER SERVER - READY
[2026-05-07 21:48:19] [INFO] SERVER - Listening on: 127.0.0.1:9999
[2026-05-07 21:48:19] [INFO] SERVER - Encryption: RSA-2048 key exchange + AES-256-CBC
[2026-05-07 21:48:19] [INFO] SERVER - Integrity: SHA-256 file verification
[2026-05-07 21:48:19] [INFO] SERVER - Output dir: C:\Users\parni\Desktop\Projects\Secure File Transfer System\received
[2026-05-07 21:48:19] [INFO] SERVER - Waiting for connections (Ctrl+C to stop)
[2026-05-07 21:48:51] [INFO] CLIENT - SECURE FILE TRANSFER CLIENT
[2026-05-07 21:48:51] [INFO] CLIENT - Target file: secret_document.txt
[2026-05-07 21:48:51] [INFO] CLIENT - File size: 54,772 bytes (53.5 KB)
[2026-05-07 21:48:51] [INFO] CLIENT - Server: 127.0.0.1:9999
[2026-05-07 21:48:51] [INFO] CLIENT - Computing SHA-256 of original file
[2026-05-07 21:48:51] [INFO] CLIENT - SHA-256: fa3b22c7ef06331b257292aabbdcd36c022f9d7d0e5f768bd16cc316bf2d0d0e
[2026-05-07 21:48:51] [INFO] CLIENT - [1/5] Connected to server in 1.1ms
[2026-05-07 21:48:51] [INFO] SERVER - New connection from 127.0.0.1:64412
[2026-05-07 21:48:51] [INFO] SERVER - [1/5] RSA public key sent (451 bytes)
[2026-05-07 21:48:51] [INFO] CLIENT - [2/5] Received server RSA public key (451 bytes)
[2026-05-07 21:48:51] [INFO] CLIENT - [3/5] AES-256 session key generated and sent (RSA-encrypted: 256 bytes)
[2026-05-07 21:48:51] [INFO] SERVER - [2/5] AES-256 session key received and decrypted (RSA ciphertext: 256 bytes)
[2026-05-07 21:48:51] [INFO] CLIENT - [4/5] Metadata sent (encrypted) - 1 chunks of 64 KB each
[2026-05-07 21:48:51] [INFO] CLIENT - [5/5] Streaming encrypted file
[2026-05-07 21:48:51] [INFO] SERVER - [3/5] Metadata - file: 'secret_document.txt' | size: 54,772 bytes | chunks: 1
[2026-05-07 21:48:51] [INFO] SERVER - Expected SHA-256: fa3b22c7ef06331b257292aabbdcd36c022f9d7d0e5f768bd16cc316bf2d0d0e
[2026-05-07 21:48:51] [INFO] SERVER - [4/5] Receiving 1 encrypted chunks
[2026-05-07 21:48:51] [INFO] SERVER - Progress: 100% (1/1 chunks)
[2026-05-07 21:48:51] [INFO] SERVER - [5/5] Integrity check:
[2026-05-07 21:48:51] [INFO] SERVER - Expected : fa3b22c7ef06331b257292aabbdcd36c022f9d7d0e5f768bd16cc316bf2d0d0e
[2026-05-07 21:48:51] [INFO] SERVER - Received : fa3b22c7ef06331b257292aabbdcd36c022f9d7d0e5f768bd16cc316bf2d0d0e
[2026-05-07 21:48:51] [INFO] SERVER - INTEGRITY VERIFIED - file is intact
[2026-05-07 21:48:51] [INFO] SERVER - Session summary
[2026-05-07 21:48:51] [INFO] SERVER - File saved: C:\Users\parni\Desktop\Projects\Secure File Transfer System\received\secret_document.txt
[2026-05-07 21:48:51] [INFO] SERVER - Original size: 54,772 bytes
[2026-05-07 21:48:51] [INFO] SERVER - Wire size: 54,800 bytes (+0.1% encryption overhead)
[2026-05-07 21:48:51] [INFO] SERVER - Transfer time: 0.103s
[2026-05-07 21:48:51] [INFO] SERVER - Throughput: 0.51 MB/s (encrypted)
[2026-05-07 21:48:51] [INFO] SERVER - Connection with 127.0.0.1:64412 closed.
[2026-05-07 21:48:51] [INFO] CLIENT - SERVER CONFIRMED: File integrity VERIFIED
[2026-05-07 21:48:51] [INFO] CLIENT - Server SHA-256: fa3b22c7ef06331b257292aabbdcd36c022f9d7d0e5f768bd16cc316bf2d0d0e
[2026-05-07 21:48:51] [INFO] CLIENT - Match: True
[2026-05-07 21:48:51] [INFO] CLIENT - Transfer Statistics:
[2026-05-07 21:48:51] [INFO] CLIENT - Original size: 54,772 bytes
[2026-05-07 21:48:51] [INFO] CLIENT - Wire size: 54,800 bytes
[2026-05-07 21:48:51] [INFO] CLIENT - Enc overhead: +0.1%
[2026-05-07 21:48:51] [INFO] CLIENT - Transfer time: 0.033s
[2026-05-07 21:48:51] [INFO] CLIENT - Throughput: 1.57 MB/s
[2026-05-07 21:48:51] [INFO] CLIENT - Session key: b9973bc0b9e100b0 (AES-256, ephemeral)
[2026-05-07 21:49:31] [INFO] BENCHMARK - Generating synthetic 64 KB test data
[2026-05-07 21:49:31] [INFO] BENCHMARK - 
  Running benchmark on: Synthetic 64 KB (65,536 bytes)
[2026-05-07 21:49:31] [INFO] BENCHMARK -   [1/2] Plaintext transfer
[2026-05-07 21:49:31] [INFO] BENCHMARK -   [2/2] Encrypted transfer
[2026-05-07 21:49:31] [INFO] crypto_utils - Generating RSA-2048 keypair
[2026-05-07 21:49:31] [INFO] BENCHMARK - Generating synthetic 256 KB test data
[2026-05-07 21:49:31] [INFO] BENCHMARK - 
  Running benchmark on: Synthetic 256 KB (262,144 bytes)
[2026-05-07 21:49:31] [INFO] BENCHMARK -   [1/2] Plaintext transfer
[2026-05-07 21:49:31] [INFO] BENCHMARK -   [2/2] Encrypted transfer
[2026-05-07 21:49:31] [INFO] crypto_utils - Generating RSA-2048 keypair
[2026-05-07 21:49:32] [INFO] BENCHMARK - Generating synthetic 1024 KB test data
[2026-05-07 21:49:32] [INFO] BENCHMARK - 
  Running benchmark on: Synthetic 1024 KB (1,048,576 bytes)
[2026-05-07 21:49:32] [INFO] BENCHMARK -   [1/2] Plaintext transfer
[2026-05-07 21:49:32] [INFO] BENCHMARK -   [2/2] Encrypted transfer
[2026-05-07 21:49:32] [INFO] crypto_utils - Generating RSA-2048 keypair
[2026-05-07 21:49:52] [INFO] API - Server process terminated
