/home/parnika.120376/.conda/envs/watermark_env/lib/python3.10/site-packages/torch/nn/modules/transformer.py:385: UserWarning: enable_nested_tensor is True, but self.use_nested_tensor is False because encoder_layer.norm_first was True
  warnings.warn(
/home/parnika.120376/.conda/envs/watermark_env/lib/python3.10/site-packages/torch_dct/_dct.py:13: UserWarning: ComplexHalf support is experimental and many operators don't support it yet. (Triggered internally at /pytorch/aten/src/ATen/EmptyTensor.cpp:50.)
  return torch.view_as_real(torch.fft.fft(v, dim=1))
Corrupt JPEG data: 65 extraneous bytes before marker 0xd9
Corrupt JPEG data: 1153 extraneous bytes before marker 0xd9
Corrupt JPEG data: 128 extraneous bytes before marker 0xd9
Corrupt JPEG data: 99 extraneous bytes before marker 0xd9
Corrupt JPEG data: 399 extraneous bytes before marker 0xd9
Corrupt JPEG data: 214 extraneous bytes before marker 0xd9
Corrupt JPEG data: 254 extraneous bytes before marker 0xd9
Corrupt JPEG data: 239 extraneous bytes before marker 0xd9
/home/parnika.120376/watermarking/train.py:241: UserWarning: color is redundantly defined by the 'color' keyword argument and the fmt string "b-o" (-> color='b'). The keyword argument will take precedence.
  axes[0,2].plot(x,nc_list,'b-o',ms=2,lw=1.5,color='navy')
Corrupt JPEG data: 254 extraneous bytes before marker 0xd9
Corrupt JPEG data: 99 extraneous bytes before marker 0xd9
Corrupt JPEG data: 399 extraneous bytes before marker 0xd9
Corrupt JPEG data: 239 extraneous bytes before marker 0xd9
Corrupt JPEG data: 65 extraneous bytes before marker 0xd9
Corrupt JPEG data: 1153 extraneous bytes before marker 0xd9
Corrupt JPEG data: 128 extraneous bytes before marker 0xd9
Corrupt JPEG data: 214 extraneous bytes before marker 0xd9
Corrupt JPEG data: 99 extraneous bytes before marker 0xd9
Corrupt JPEG data: 1153 extraneous bytes before marker 0xd9
Corrupt JPEG data: 399 extraneous bytes before marker 0xd9
Corrupt JPEG data: 128 extraneous bytes before marker 0xd9
Corrupt JPEG data: 65 extraneous bytes before marker 0xd9
Corrupt JPEG data: 214 extraneous bytes before marker 0xd9
Corrupt JPEG data: 239 extraneous bytes before marker 0xd9
Corrupt JPEG data: 254 extraneous bytes before marker 0xd9
Corrupt JPEG data: 214 extraneous bytes before marker 0xd9
Corrupt JPEG data: 254 extraneous bytes before marker 0xd9
Corrupt JPEG data: 1153 extraneous bytes before marker 0xd9
Corrupt JPEG data: 239 extraneous bytes before marker 0xd9
Corrupt JPEG data: 99 extraneous bytes before marker 0xd9
Corrupt JPEG data: 65 extraneous bytes before marker 0xd9
Corrupt JPEG data: 399 extraneous bytes before marker 0xd9
Corrupt JPEG data: 128 extraneous bytes before marker 0xd9
Corrupt JPEG data: 214 extraneous bytes before marker 0xd9
Corrupt JPEG data: 239 extraneous bytes before marker 0xd9
Corrupt JPEG data: 254 extraneous bytes before marker 0xd9
Corrupt JPEG data: 399 extraneous bytes before marker 0xd9
Corrupt JPEG data: 99 extraneous bytes before marker 0xd9
Corrupt JPEG data: 1153 extraneous bytes before marker 0xd9
Corrupt JPEG data: 65 extraneous bytes before marker 0xd9
Corrupt JPEG data: 128 extraneous bytes before marker 0xd9
Corrupt JPEG data: 1153 extraneous bytes before marker 0xd9
Corrupt JPEG data: 214 extraneous bytes before marker 0xd9
Corrupt JPEG data: 399 extraneous bytes before marker 0xd9
Corrupt JPEG data: 65 extraneous bytes before marker 0xd9
Corrupt JPEG data: 239 extraneous bytes before marker 0xd9
Corrupt JPEG data: 254 extraneous bytes before marker 0xd9
Corrupt JPEG data: 99 extraneous bytes before marker 0xd9
Corrupt JPEG data: 128 extraneous bytes before marker 0xd9
Corrupt JPEG data: 214 extraneous bytes before marker 0xd9
Corrupt JPEG data: 65 extraneous bytes before marker 0xd9
Corrupt JPEG data: 254 extraneous bytes before marker 0xd9
Corrupt JPEG data: 128 extraneous bytes before marker 0xd9
Corrupt JPEG data: 1153 extraneous bytes before marker 0xd9
Corrupt JPEG data: 399 extraneous bytes before marker 0xd9
Corrupt JPEG data: 239 extraneous bytes before marker 0xd9
Corrupt JPEG data: 99 extraneous bytes before marker 0xd9
Corrupt JPEG data: 128 extraneous bytes before marker 0xd9
Corrupt JPEG data: 99 extraneous bytes before marker 0xd9
Corrupt JPEG data: 1153 extraneous bytes before marker 0xd9
Corrupt JPEG data: 239 extraneous bytes before marker 0xd9
Corrupt JPEG data: 214 extraneous bytes before marker 0xd9
Corrupt JPEG data: 399 extraneous bytes before marker 0xd9
Corrupt JPEG data: 65 extraneous bytes before marker 0xd9
Corrupt JPEG data: 254 extraneous bytes before marker 0xd9
Corrupt JPEG data: 128 extraneous bytes before marker 0xd9
Corrupt JPEG data: 399 extraneous bytes before marker 0xd9
Corrupt JPEG data: 99 extraneous bytes before marker 0xd9
Corrupt JPEG data: 254 extraneous bytes before marker 0xd9
Corrupt JPEG data: 239 extraneous bytes before marker 0xd9
Corrupt JPEG data: 214 extraneous bytes before marker 0xd9
Corrupt JPEG data: 65 extraneous bytes before marker 0xd9
Corrupt JPEG data: 1153 extraneous bytes before marker 0xd9
Corrupt JPEG data: 128 extraneous bytes before marker 0xd9
Corrupt JPEG data: 239 extraneous bytes before marker 0xd9
Corrupt JPEG data: 1153 extraneous bytes before marker 0xd9
Corrupt JPEG data: 214 extraneous bytes before marker 0xd9
Corrupt JPEG data: 99 extraneous bytes before marker 0xd9
Corrupt JPEG data: 399 extraneous bytes before marker 0xd9
Corrupt JPEG data: 254 extraneous bytes before marker 0xd9
Corrupt JPEG data: 65 extraneous bytes before marker 0xd9
Corrupt JPEG data: 128 extraneous bytes before marker 0xd9
Corrupt JPEG data: 399 extraneous bytes before marker 0xd9
Corrupt JPEG data: 239 extraneous bytes before marker 0xd9
Corrupt JPEG data: 214 extraneous bytes before marker 0xd9
Corrupt JPEG data: 254 extraneous bytes before marker 0xd9
Corrupt JPEG data: 1153 extraneous bytes before marker 0xd9
Corrupt JPEG data: 65 extraneous bytes before marker 0xd9
Corrupt JPEG data: 99 extraneous bytes before marker 0xd9
Corrupt JPEG data: 1153 extraneous bytes before marker 0xd9
Corrupt JPEG data: 99 extraneous bytes before marker 0xd9
Corrupt JPEG data: 399 extraneous bytes before marker 0xd9
Corrupt JPEG data: 254 extraneous bytes before marker 0xd9
Corrupt JPEG data: 65 extraneous bytes before marker 0xd9
Corrupt JPEG data: 128 extraneous bytes before marker 0xd9
Corrupt JPEG data: 239 extraneous bytes before marker 0xd9
Corrupt JPEG data: 214 extraneous bytes before marker 0xd9
Corrupt JPEG data: 239 extraneous bytes before marker 0xd9
Corrupt JPEG data: 1153 extraneous bytes before marker 0xd9
Corrupt JPEG data: 99 extraneous bytes before marker 0xd9
Corrupt JPEG data: 214 extraneous bytes before marker 0xd9
Corrupt JPEG data: 65 extraneous bytes before marker 0xd9
Corrupt JPEG data: 254 extraneous bytes before marker 0xd9
Corrupt JPEG data: 128 extraneous bytes before marker 0xd9
Corrupt JPEG data: 399 extraneous bytes before marker 0xd9
Corrupt JPEG data: 214 extraneous bytes before marker 0xd9
Corrupt JPEG data: 65 extraneous bytes before marker 0xd9
Corrupt JPEG data: 254 extraneous bytes before marker 0xd9
Corrupt JPEG data: 1153 extraneous bytes before marker 0xd9
Corrupt JPEG data: 99 extraneous bytes before marker 0xd9
Corrupt JPEG data: 239 extraneous bytes before marker 0xd9
Corrupt JPEG data: 399 extraneous bytes before marker 0xd9
Corrupt JPEG data: 128 extraneous bytes before marker 0xd9
Corrupt JPEG data: 239 extraneous bytes before marker 0xd9
Corrupt JPEG data: 99 extraneous bytes before marker 0xd9
Corrupt JPEG data: 254 extraneous bytes before marker 0xd9
Corrupt JPEG data: 399 extraneous bytes before marker 0xd9
Corrupt JPEG data: 214 extraneous bytes before marker 0xd9
Corrupt JPEG data: 128 extraneous bytes before marker 0xd9
Corrupt JPEG data: 1153 extraneous bytes before marker 0xd9
Corrupt JPEG data: 65 extraneous bytes before marker 0xd9
Corrupt JPEG data: 128 extraneous bytes before marker 0xd9
Corrupt JPEG data: 214 extraneous bytes before marker 0xd9
Corrupt JPEG data: 99 extraneous bytes before marker 0xd9
Corrupt JPEG data: 65 extraneous bytes before marker 0xd9
Corrupt JPEG data: 254 extraneous bytes before marker 0xd9
Corrupt JPEG data: 239 extraneous bytes before marker 0xd9
Corrupt JPEG data: 399 extraneous bytes before marker 0xd9
Corrupt JPEG data: 1153 extraneous bytes before marker 0xd9
Corrupt JPEG data: 99 extraneous bytes before marker 0xd9
Corrupt JPEG data: 399 extraneous bytes before marker 0xd9
Corrupt JPEG data: 128 extraneous bytes before marker 0xd9
Corrupt JPEG data: 214 extraneous bytes before marker 0xd9
Corrupt JPEG data: 239 extraneous bytes before marker 0xd9
Corrupt JPEG data: 254 extraneous bytes before marker 0xd9
Corrupt JPEG data: 1153 extraneous bytes before marker 0xd9
Corrupt JPEG data: 65 extraneous bytes before marker 0xd9
Corrupt JPEG data: 99 extraneous bytes before marker 0xd9
Corrupt JPEG data: 399 extraneous bytes before marker 0xd9
Corrupt JPEG data: 254 extraneous bytes before marker 0xd9
Corrupt JPEG data: 214 extraneous bytes before marker 0xd9
Corrupt JPEG data: 65 extraneous bytes before marker 0xd9
Corrupt JPEG data: 239 extraneous bytes before marker 0xd9
Corrupt JPEG data: 1153 extraneous bytes before marker 0xd9
Corrupt JPEG data: 128 extraneous bytes before marker 0xd9
Corrupt JPEG data: 214 extraneous bytes before marker 0xd9
Corrupt JPEG data: 399 extraneous bytes before marker 0xd9
Corrupt JPEG data: 99 extraneous bytes before marker 0xd9
Corrupt JPEG data: 1153 extraneous bytes before marker 0xd9
Corrupt JPEG data: 254 extraneous bytes before marker 0xd9
Corrupt JPEG data: 128 extraneous bytes before marker 0xd9
Corrupt JPEG data: 239 extraneous bytes before marker 0xd9
Corrupt JPEG data: 65 extraneous bytes before marker 0xd9
Corrupt JPEG data: 214 extraneous bytes before marker 0xd9
Corrupt JPEG data: 254 extraneous bytes before marker 0xd9
Corrupt JPEG data: 399 extraneous bytes before marker 0xd9
Corrupt JPEG data: 239 extraneous bytes before marker 0xd9
Corrupt JPEG data: 1153 extraneous bytes before marker 0xd9
Corrupt JPEG data: 65 extraneous bytes before marker 0xd9
Corrupt JPEG data: 128 extraneous bytes before marker 0xd9
Corrupt JPEG data: 99 extraneous bytes before marker 0xd9
Corrupt JPEG data: 65 extraneous bytes before marker 0xd9
Corrupt JPEG data: 214 extraneous bytes before marker 0xd9
Corrupt JPEG data: 399 extraneous bytes before marker 0xd9
Corrupt JPEG data: 254 extraneous bytes before marker 0xd9
Corrupt JPEG data: 99 extraneous bytes before marker 0xd9
Corrupt JPEG data: 1153 extraneous bytes before marker 0xd9
Corrupt JPEG data: 128 extraneous bytes before marker 0xd9
Corrupt JPEG data: 239 extraneous bytes before marker 0xd9
Corrupt JPEG data: 399 extraneous bytes before marker 0xd9
Corrupt JPEG data: 65 extraneous bytes before marker 0xd9
Corrupt JPEG data: 254 extraneous bytes before marker 0xd9
Corrupt JPEG data: 1153 extraneous bytes before marker 0xd9
Corrupt JPEG data: 99 extraneous bytes before marker 0xd9
Corrupt JPEG data: 239 extraneous bytes before marker 0xd9
Corrupt JPEG data: 214 extraneous bytes before marker 0xd9
Corrupt JPEG data: 128 extraneous bytes before marker 0xd9
Corrupt JPEG data: 254 extraneous bytes before marker 0xd9
Corrupt JPEG data: 128 extraneous bytes before marker 0xd9
Corrupt JPEG data: 214 extraneous bytes before marker 0xd9
Corrupt JPEG data: 399 extraneous bytes before marker 0xd9
Corrupt JPEG data: 239 extraneous bytes before marker 0xd9
Corrupt JPEG data: 1153 extraneous bytes before marker 0xd9
Corrupt JPEG data: 99 extraneous bytes before marker 0xd9
Corrupt JPEG data: 65 extraneous bytes before marker 0xd9
Corrupt JPEG data: 254 extraneous bytes before marker 0xd9
Corrupt JPEG data: 128 extraneous bytes before marker 0xd9
Corrupt JPEG data: 65 extraneous bytes before marker 0xd9
Corrupt JPEG data: 239 extraneous bytes before marker 0xd9
Corrupt JPEG data: 99 extraneous bytes before marker 0xd9
Corrupt JPEG data: 1153 extraneous bytes before marker 0xd9
Corrupt JPEG data: 399 extraneous bytes before marker 0xd9
Corrupt JPEG data: 214 extraneous bytes before marker 0xd9
Corrupt JPEG data: 99 extraneous bytes before marker 0xd9
Corrupt JPEG data: 239 extraneous bytes before marker 0xd9
Corrupt JPEG data: 128 extraneous bytes before marker 0xd9
Corrupt JPEG data: 65 extraneous bytes before marker 0xd9
Corrupt JPEG data: 399 extraneous bytes before marker 0xd9
Corrupt JPEG data: 214 extraneous bytes before marker 0xd9
Corrupt JPEG data: 1153 extraneous bytes before marker 0xd9
Corrupt JPEG data: 254 extraneous bytes before marker 0xd9
Corrupt JPEG data: 99 extraneous bytes before marker 0xd9
Corrupt JPEG data: 254 extraneous bytes before marker 0xd9
Corrupt JPEG data: 214 extraneous bytes before marker 0xd9
Corrupt JPEG data: 65 extraneous bytes before marker 0xd9
Corrupt JPEG data: 1153 extraneous bytes before marker 0xd9
Corrupt JPEG data: 128 extraneous bytes before marker 0xd9
Corrupt JPEG data: 399 extraneous bytes before marker 0xd9
Corrupt JPEG data: 239 extraneous bytes before marker 0xd9
Corrupt JPEG data: 128 extraneous bytes before marker 0xd9
Corrupt JPEG data: 1153 extraneous bytes before marker 0xd9
Corrupt JPEG data: 214 extraneous bytes before marker 0xd9
Corrupt JPEG data: 99 extraneous bytes before marker 0xd9
Corrupt JPEG data: 399 extraneous bytes before marker 0xd9
Corrupt JPEG data: 239 extraneous bytes before marker 0xd9
Corrupt JPEG data: 65 extraneous bytes before marker 0xd9
Corrupt JPEG data: 254 extraneous bytes before marker 0xd9
Corrupt JPEG data: 65 extraneous bytes before marker 0xd9
Corrupt JPEG data: 128 extraneous bytes before marker 0xd9
Corrupt JPEG data: 254 extraneous bytes before marker 0xd9
Corrupt JPEG data: 399 extraneous bytes before marker 0xd9
Corrupt JPEG data: 239 extraneous bytes before marker 0xd9
Corrupt JPEG data: 99 extraneous bytes before marker 0xd9
Corrupt JPEG data: 214 extraneous bytes before marker 0xd9
Corrupt JPEG data: 1153 extraneous bytes before marker 0xd9
Corrupt JPEG data: 99 extraneous bytes before marker 0xd9
Corrupt JPEG data: 254 extraneous bytes before marker 0xd9
Corrupt JPEG data: 128 extraneous bytes before marker 0xd9
Corrupt JPEG data: 214 extraneous bytes before marker 0xd9
Corrupt JPEG data: 1153 extraneous bytes before marker 0xd9
Corrupt JPEG data: 399 extraneous bytes before marker 0xd9
Corrupt JPEG data: 239 extraneous bytes before marker 0xd9
Corrupt JPEG data: 65 extraneous bytes before marker 0xd9
Corrupt JPEG data: 399 extraneous bytes before marker 0xd9
Corrupt JPEG data: 239 extraneous bytes before marker 0xd9
Corrupt JPEG data: 99 extraneous bytes before marker 0xd9
Corrupt JPEG data: 254 extraneous bytes before marker 0xd9
Corrupt JPEG data: 128 extraneous bytes before marker 0xd9
Corrupt JPEG data: 214 extraneous bytes before marker 0xd9
Corrupt JPEG data: 1153 extraneous bytes before marker 0xd9
Corrupt JPEG data: 65 extraneous bytes before marker 0xd9
Corrupt JPEG data: 65 extraneous bytes before marker 0xd9
Corrupt JPEG data: 399 extraneous bytes before marker 0xd9
Corrupt JPEG data: 239 extraneous bytes before marker 0xd9
Corrupt JPEG data: 1153 extraneous bytes before marker 0xd9
Corrupt JPEG data: 254 extraneous bytes before marker 0xd9
Corrupt JPEG data: 99 extraneous bytes before marker 0xd9
Corrupt JPEG data: 128 extraneous bytes before marker 0xd9
Corrupt JPEG data: 214 extraneous bytes before marker 0xd9
Corrupt JPEG data: 65 extraneous bytes before marker 0xd9
Corrupt JPEG data: 128 extraneous bytes before marker 0xd9
Corrupt JPEG data: 1153 extraneous bytes before marker 0xd9
Corrupt JPEG data: 99 extraneous bytes before marker 0xd9
Corrupt JPEG data: 214 extraneous bytes before marker 0xd9
Corrupt JPEG data: 399 extraneous bytes before marker 0xd9
Corrupt JPEG data: 239 extraneous bytes before marker 0xd9
Corrupt JPEG data: 254 extraneous bytes before marker 0xd9
Corrupt JPEG data: 399 extraneous bytes before marker 0xd9
Corrupt JPEG data: 65 extraneous bytes before marker 0xd9
Corrupt JPEG data: 214 extraneous bytes before marker 0xd9
Corrupt JPEG data: 99 extraneous bytes before marker 0xd9
Corrupt JPEG data: 1153 extraneous bytes before marker 0xd9
Corrupt JPEG data: 128 extraneous bytes before marker 0xd9
Corrupt JPEG data: 239 extraneous bytes before marker 0xd9
Corrupt JPEG data: 254 extraneous bytes before marker 0xd9
Corrupt JPEG data: 65 extraneous bytes before marker 0xd9
Corrupt JPEG data: 99 extraneous bytes before marker 0xd9
Corrupt JPEG data: 214 extraneous bytes before marker 0xd9
Corrupt JPEG data: 128 extraneous bytes before marker 0xd9
Corrupt JPEG data: 254 extraneous bytes before marker 0xd9
Corrupt JPEG data: 239 extraneous bytes before marker 0xd9
Corrupt JPEG data: 1153 extraneous bytes before marker 0xd9
Corrupt JPEG data: 399 extraneous bytes before marker 0xd9
Corrupt JPEG data: 254 extraneous bytes before marker 0xd9
Corrupt JPEG data: 99 extraneous bytes before marker 0xd9
Corrupt JPEG data: 214 extraneous bytes before marker 0xd9
Corrupt JPEG data: 1153 extraneous bytes before marker 0xd9
Corrupt JPEG data: 128 extraneous bytes before marker 0xd9
Corrupt JPEG data: 239 extraneous bytes before marker 0xd9
Corrupt JPEG data: 399 extraneous bytes before marker 0xd9
Corrupt JPEG data: 65 extraneous bytes before marker 0xd9
Corrupt JPEG data: 65 extraneous bytes before marker 0xd9
Corrupt JPEG data: 214 extraneous bytes before marker 0xd9
Corrupt JPEG data: 99 extraneous bytes before marker 0xd9
Corrupt JPEG data: 254 extraneous bytes before marker 0xd9
Corrupt JPEG data: 399 extraneous bytes before marker 0xd9
Corrupt JPEG data: 128 extraneous bytes before marker 0xd9
Corrupt JPEG data: 1153 extraneous bytes before marker 0xd9
Corrupt JPEG data: 239 extraneous bytes before marker 0xd9
Corrupt JPEG data: 99 extraneous bytes before marker 0xd9
Corrupt JPEG data: 214 extraneous bytes before marker 0xd9
Corrupt JPEG data: 239 extraneous bytes before marker 0xd9
Corrupt JPEG data: 254 extraneous bytes before marker 0xd9
Corrupt JPEG data: 128 extraneous bytes before marker 0xd9
Corrupt JPEG data: 65 extraneous bytes before marker 0xd9
Corrupt JPEG data: 1153 extraneous bytes before marker 0xd9
Corrupt JPEG data: 399 extraneous bytes before marker 0xd9
Corrupt JPEG data: 99 extraneous bytes before marker 0xd9
Corrupt JPEG data: 1153 extraneous bytes before marker 0xd9
Corrupt JPEG data: 399 extraneous bytes before marker 0xd9
Corrupt JPEG data: 65 extraneous bytes before marker 0xd9
Corrupt JPEG data: 239 extraneous bytes before marker 0xd9
Corrupt JPEG data: 128 extraneous bytes before marker 0xd9
Corrupt JPEG data: 254 extraneous bytes before marker 0xd9
Corrupt JPEG data: 214 extraneous bytes before marker 0xd9
Corrupt JPEG data: 65 extraneous bytes before marker 0xd9
Corrupt JPEG data: 254 extraneous bytes before marker 0xd9
Corrupt JPEG data: 214 extraneous bytes before marker 0xd9
Corrupt JPEG data: 1153 extraneous bytes before marker 0xd9
Corrupt JPEG data: 239 extraneous bytes before marker 0xd9
Corrupt JPEG data: 399 extraneous bytes before marker 0xd9
Corrupt JPEG data: 128 extraneous bytes before marker 0xd9
Corrupt JPEG data: 99 extraneous bytes before marker 0xd9
Corrupt JPEG data: 1153 extraneous bytes before marker 0xd9
Corrupt JPEG data: 65 extraneous bytes before marker 0xd9
Corrupt JPEG data: 128 extraneous bytes before marker 0xd9
Corrupt JPEG data: 239 extraneous bytes before marker 0xd9
Corrupt JPEG data: 214 extraneous bytes before marker 0xd9
Corrupt JPEG data: 99 extraneous bytes before marker 0xd9
Corrupt JPEG data: 399 extraneous bytes before marker 0xd9
Corrupt JPEG data: 254 extraneous bytes before marker 0xd9
Corrupt JPEG data: 239 extraneous bytes before marker 0xd9
Corrupt JPEG data: 239 extraneous bytes before marker 0xd9
Corrupt JPEG data: 214 extraneous bytes before marker 0xd9
Corrupt JPEG data: 399 extraneous bytes before marker 0xd9
Corrupt JPEG data: 254 extraneous bytes before marker 0xd9
Corrupt JPEG data: 1153 extraneous bytes before marker 0xd9
Corrupt JPEG data: 65 extraneous bytes before marker 0xd9
Corrupt JPEG data: 99 extraneous bytes before marker 0xd9
Corrupt JPEG data: 128 extraneous bytes before marker 0xd9
Corrupt JPEG data: 65 extraneous bytes before marker 0xd9
Corrupt JPEG data: 254 extraneous bytes before marker 0xd9
Corrupt JPEG data: 239 extraneous bytes before marker 0xd9
Corrupt JPEG data: 1153 extraneous bytes before marker 0xd9
Corrupt JPEG data: 99 extraneous bytes before marker 0xd9
Corrupt JPEG data: 214 extraneous bytes before marker 0xd9
Corrupt JPEG data: 399 extraneous bytes before marker 0xd9
Corrupt JPEG data: 128 extraneous bytes before marker 0xd9
Corrupt JPEG data: 239 extraneous bytes before marker 0xd9
Corrupt JPEG data: 65 extraneous bytes before marker 0xd9
Corrupt JPEG data: 128 extraneous bytes before marker 0xd9
Corrupt JPEG data: 399 extraneous bytes before marker 0xd9
Corrupt JPEG data: 99 extraneous bytes before marker 0xd9
Corrupt JPEG data: 214 extraneous bytes before marker 0xd9
Corrupt JPEG data: 254 extraneous bytes before marker 0xd9
Corrupt JPEG data: 1153 extraneous bytes before marker 0xd9
Corrupt JPEG data: 239 extraneous bytes before marker 0xd9
Corrupt JPEG data: 65 extraneous bytes before marker 0xd9
Corrupt JPEG data: 399 extraneous bytes before marker 0xd9
Corrupt JPEG data: 99 extraneous bytes before marker 0xd9
Corrupt JPEG data: 254 extraneous bytes before marker 0xd9
Corrupt JPEG data: 1153 extraneous bytes before marker 0xd9
Corrupt JPEG data: 128 extraneous bytes before marker 0xd9
Corrupt JPEG data: 214 extraneous bytes before marker 0xd9
Corrupt JPEG data: 99 extraneous bytes before marker 0xd9
Corrupt JPEG data: 65 extraneous bytes before marker 0xd9
Corrupt JPEG data: 128 extraneous bytes before marker 0xd9
Corrupt JPEG data: 214 extraneous bytes before marker 0xd9
Corrupt JPEG data: 239 extraneous bytes before marker 0xd9
Corrupt JPEG data: 254 extraneous bytes before marker 0xd9
Corrupt JPEG data: 1153 extraneous bytes before marker 0xd9
Corrupt JPEG data: 399 extraneous bytes before marker 0xd9
Corrupt JPEG data: 214 extraneous bytes before marker 0xd9
Corrupt JPEG data: 1153 extraneous bytes before marker 0xd9
Corrupt JPEG data: 399 extraneous bytes before marker 0xd9
Corrupt JPEG data: 239 extraneous bytes before marker 0xd9
Corrupt JPEG data: 65 extraneous bytes before marker 0xd9
Corrupt JPEG data: 128 extraneous bytes before marker 0xd9
Corrupt JPEG data: 99 extraneous bytes before marker 0xd9
Corrupt JPEG data: 254 extraneous bytes before marker 0xd9
Corrupt JPEG data: 239 extraneous bytes before marker 0xd9
Corrupt JPEG data: 128 extraneous bytes before marker 0xd9
Corrupt JPEG data: 99 extraneous bytes before marker 0xd9
Corrupt JPEG data: 254 extraneous bytes before marker 0xd9
Corrupt JPEG data: 214 extraneous bytes before marker 0xd9
Corrupt JPEG data: 65 extraneous bytes before marker 0xd9
Corrupt JPEG data: 1153 extraneous bytes before marker 0xd9
Corrupt JPEG data: 399 extraneous bytes before marker 0xd9
Corrupt JPEG data: 399 extraneous bytes before marker 0xd9
Corrupt JPEG data: 254 extraneous bytes before marker 0xd9
Corrupt JPEG data: 128 extraneous bytes before marker 0xd9
Corrupt JPEG data: 99 extraneous bytes before marker 0xd9
Corrupt JPEG data: 214 extraneous bytes before marker 0xd9
Corrupt JPEG data: 65 extraneous bytes before marker 0xd9
Corrupt JPEG data: 239 extraneous bytes before marker 0xd9
Corrupt JPEG data: 1153 extraneous bytes before marker 0xd9
Corrupt JPEG data: 1153 extraneous bytes before marker 0xd9
Corrupt JPEG data: 399 extraneous bytes before marker 0xd9
Corrupt JPEG data: 239 extraneous bytes before marker 0xd9
Corrupt JPEG data: 65 extraneous bytes before marker 0xd9
Corrupt JPEG data: 128 extraneous bytes before marker 0xd9
Corrupt JPEG data: 214 extraneous bytes before marker 0xd9
Corrupt JPEG data: 254 extraneous bytes before marker 0xd9
Corrupt JPEG data: 99 extraneous bytes before marker 0xd9
Corrupt JPEG data: 399 extraneous bytes before marker 0xd9
Corrupt JPEG data: 214 extraneous bytes before marker 0xd9
Corrupt JPEG data: 65 extraneous bytes before marker 0xd9
Corrupt JPEG data: 1153 extraneous bytes before marker 0xd9
Corrupt JPEG data: 254 extraneous bytes before marker 0xd9
Corrupt JPEG data: 239 extraneous bytes before marker 0xd9
Corrupt JPEG data: 99 extraneous bytes before marker 0xd9
Corrupt JPEG data: 128 extraneous bytes before marker 0xd9
Corrupt JPEG data: 214 extraneous bytes before marker 0xd9
Corrupt JPEG data: 99 extraneous bytes before marker 0xd9
Corrupt JPEG data: 239 extraneous bytes before marker 0xd9
Corrupt JPEG data: 128 extraneous bytes before marker 0xd9
Corrupt JPEG data: 399 extraneous bytes before marker 0xd9
Corrupt JPEG data: 65 extraneous bytes before marker 0xd9
Corrupt JPEG data: 254 extraneous bytes before marker 0xd9
Corrupt JPEG data: 1153 extraneous bytes before marker 0xd9
Corrupt JPEG data: 399 extraneous bytes before marker 0xd9
Corrupt JPEG data: 254 extraneous bytes before marker 0xd9
Corrupt JPEG data: 239 extraneous bytes before marker 0xd9
Corrupt JPEG data: 99 extraneous bytes before marker 0xd9
Corrupt JPEG data: 214 extraneous bytes before marker 0xd9
Corrupt JPEG data: 65 extraneous bytes before marker 0xd9
Corrupt JPEG data: 1153 extraneous bytes before marker 0xd9
Corrupt JPEG data: 128 extraneous bytes before marker 0xd9
Corrupt JPEG data: 399 extraneous bytes before marker 0xd9
Corrupt JPEG data: 65 extraneous bytes before marker 0xd9
Corrupt JPEG data: 239 extraneous bytes before marker 0xd9
Corrupt JPEG data: 254 extraneous bytes before marker 0xd9
Corrupt JPEG data: 99 extraneous bytes before marker 0xd9
Corrupt JPEG data: 214 extraneous bytes before marker 0xd9
Corrupt JPEG data: 128 extraneous bytes before marker 0xd9
Corrupt JPEG data: 1153 extraneous bytes before marker 0xd9
Corrupt JPEG data: 399 extraneous bytes before marker 0xd9
Corrupt JPEG data: 214 extraneous bytes before marker 0xd9
Corrupt JPEG data: 254 extraneous bytes before marker 0xd9
Corrupt JPEG data: 1153 extraneous bytes before marker 0xd9
Corrupt JPEG data: 99 extraneous bytes before marker 0xd9
Corrupt JPEG data: 128 extraneous bytes before marker 0xd9
Corrupt JPEG data: 65 extraneous bytes before marker 0xd9
Corrupt JPEG data: 239 extraneous bytes before marker 0xd9
Corrupt JPEG data: 128 extraneous bytes before marker 0xd9
Corrupt JPEG data: 254 extraneous bytes before marker 0xd9
Corrupt JPEG data: 214 extraneous bytes before marker 0xd9
Corrupt JPEG data: 399 extraneous bytes before marker 0xd9
Corrupt JPEG data: 239 extraneous bytes before marker 0xd9
Corrupt JPEG data: 99 extraneous bytes before marker 0xd9
Corrupt JPEG data: 1153 extraneous bytes before marker 0xd9
Corrupt JPEG data: 65 extraneous bytes before marker 0xd9
Corrupt JPEG data: 399 extraneous bytes before marker 0xd9
Corrupt JPEG data: 1153 extraneous bytes before marker 0xd9
Corrupt JPEG data: 99 extraneous bytes before marker 0xd9
Corrupt JPEG data: 239 extraneous bytes before marker 0xd9
Corrupt JPEG data: 128 extraneous bytes before marker 0xd9
Corrupt JPEG data: 65 extraneous bytes before marker 0xd9
Corrupt JPEG data: 214 extraneous bytes before marker 0xd9
Corrupt JPEG data: 254 extraneous bytes before marker 0xd9
Corrupt JPEG data: 128 extraneous bytes before marker 0xd9
Corrupt JPEG data: 239 extraneous bytes before marker 0xd9
Corrupt JPEG data: 65 extraneous bytes before marker 0xd9
Corrupt JPEG data: 214 extraneous bytes before marker 0xd9
Corrupt JPEG data: 99 extraneous bytes before marker 0xd9
Corrupt JPEG data: 1153 extraneous bytes before marker 0xd9
Corrupt JPEG data: 399 extraneous bytes before marker 0xd9
Corrupt JPEG data: 254 extraneous bytes before marker 0xd9
Corrupt JPEG data: 239 extraneous bytes before marker 0xd9
Corrupt JPEG data: 99 extraneous bytes before marker 0xd9
Corrupt JPEG data: 128 extraneous bytes before marker 0xd9
Corrupt JPEG data: 1153 extraneous bytes before marker 0xd9
Corrupt JPEG data: 399 extraneous bytes before marker 0xd9
Corrupt JPEG data: 214 extraneous bytes before marker 0xd9
Corrupt JPEG data: 254 extraneous bytes before marker 0xd9
Corrupt JPEG data: 65 extraneous bytes before marker 0xd9
Corrupt JPEG data: 239 extraneous bytes before marker 0xd9
Corrupt JPEG data: 214 extraneous bytes before marker 0xd9
Corrupt JPEG data: 254 extraneous bytes before marker 0xd9
Corrupt JPEG data: 99 extraneous bytes before marker 0xd9
Corrupt JPEG data: 399 extraneous bytes before marker 0xd9
Corrupt JPEG data: 128 extraneous bytes before marker 0xd9
Corrupt JPEG data: 1153 extraneous bytes before marker 0xd9
Corrupt JPEG data: 65 extraneous bytes before marker 0xd9
Corrupt JPEG data: 399 extraneous bytes before marker 0xd9
Corrupt JPEG data: 65 extraneous bytes before marker 0xd9
Corrupt JPEG data: 239 extraneous bytes before marker 0xd9
Corrupt JPEG data: 214 extraneous bytes before marker 0xd9
Corrupt JPEG data: 1153 extraneous bytes before marker 0xd9
Corrupt JPEG data: 128 extraneous bytes before marker 0xd9
Corrupt JPEG data: 99 extraneous bytes before marker 0xd9
Corrupt JPEG data: 254 extraneous bytes before marker 0xd9
Corrupt JPEG data: 128 extraneous bytes before marker 0xd9
Corrupt JPEG data: 399 extraneous bytes before marker 0xd9
Corrupt JPEG data: 214 extraneous bytes before marker 0xd9
Corrupt JPEG data: 65 extraneous bytes before marker 0xd9
Corrupt JPEG data: 1153 extraneous bytes before marker 0xd9
Corrupt JPEG data: 99 extraneous bytes before marker 0xd9
Corrupt JPEG data: 254 extraneous bytes before marker 0xd9
Corrupt JPEG data: 239 extraneous bytes before marker 0xd9
Corrupt JPEG data: 254 extraneous bytes before marker 0xd9
Corrupt JPEG data: 399 extraneous bytes before marker 0xd9
Corrupt JPEG data: 214 extraneous bytes before marker 0xd9
Corrupt JPEG data: 65 extraneous bytes before marker 0xd9
Corrupt JPEG data: 128 extraneous bytes before marker 0xd9
Corrupt JPEG data: 1153 extraneous bytes before marker 0xd9
Corrupt JPEG data: 239 extraneous bytes before marker 0xd9
Corrupt JPEG data: 99 extraneous bytes before marker 0xd9
Corrupt JPEG data: 239 extraneous bytes before marker 0xd9
Corrupt JPEG data: 65 extraneous bytes before marker 0xd9
Corrupt JPEG data: 99 extraneous bytes before marker 0xd9
Corrupt JPEG data: 128 extraneous bytes before marker 0xd9
Corrupt JPEG data: 399 extraneous bytes before marker 0xd9
Corrupt JPEG data: 214 extraneous bytes before marker 0xd9
Corrupt JPEG data: 254 extraneous bytes before marker 0xd9
Corrupt JPEG data: 1153 extraneous bytes before marker 0xd9
Corrupt JPEG data: 399 extraneous bytes before marker 0xd9
Corrupt JPEG data: 1153 extraneous bytes before marker 0xd9
Corrupt JPEG data: 254 extraneous bytes before marker 0xd9
Corrupt JPEG data: 214 extraneous bytes before marker 0xd9
Corrupt JPEG data: 65 extraneous bytes before marker 0xd9
Corrupt JPEG data: 128 extraneous bytes before marker 0xd9
Corrupt JPEG data: 239 extraneous bytes before marker 0xd9
Corrupt JPEG data: 99 extraneous bytes before marker 0xd9
Corrupt JPEG data: 99 extraneous bytes before marker 0xd9
Corrupt JPEG data: 254 extraneous bytes before marker 0xd9
Corrupt JPEG data: 214 extraneous bytes before marker 0xd9
Corrupt JPEG data: 1153 extraneous bytes before marker 0xd9
Corrupt JPEG data: 128 extraneous bytes before marker 0xd9
Corrupt JPEG data: 239 extraneous bytes before marker 0xd9
Corrupt JPEG data: 65 extraneous bytes before marker 0xd9
Corrupt JPEG data: 399 extraneous bytes before marker 0xd9
Corrupt JPEG data: 214 extraneous bytes before marker 0xd9
Corrupt JPEG data: 99 extraneous bytes before marker 0xd9
Corrupt JPEG data: 239 extraneous bytes before marker 0xd9
Corrupt JPEG data: 65 extraneous bytes before marker 0xd9
Corrupt JPEG data: 128 extraneous bytes before marker 0xd9
Corrupt JPEG data: 399 extraneous bytes before marker 0xd9
Corrupt JPEG data: 1153 extraneous bytes before marker 0xd9
Corrupt JPEG data: 254 extraneous bytes before marker 0xd9
Corrupt JPEG data: 214 extraneous bytes before marker 0xd9
Corrupt JPEG data: 65 extraneous bytes before marker 0xd9
Corrupt JPEG data: 99 extraneous bytes before marker 0xd9
Corrupt JPEG data: 239 extraneous bytes before marker 0xd9
Corrupt JPEG data: 128 extraneous bytes before marker 0xd9
Corrupt JPEG data: 399 extraneous bytes before marker 0xd9
Corrupt JPEG data: 254 extraneous bytes before marker 0xd9
Corrupt JPEG data: 1153 extraneous bytes before marker 0xd9
Corrupt JPEG data: 99 extraneous bytes before marker 0xd9
Corrupt JPEG data: 214 extraneous bytes before marker 0xd9
Corrupt JPEG data: 1153 extraneous bytes before marker 0xd9
Corrupt JPEG data: 239 extraneous bytes before marker 0xd9
Corrupt JPEG data: 65 extraneous bytes before marker 0xd9
Corrupt JPEG data: 128 extraneous bytes before marker 0xd9
Corrupt JPEG data: 399 extraneous bytes before marker 0xd9
Corrupt JPEG data: 254 extraneous bytes before marker 0xd9
Corrupt JPEG data: 1153 extraneous bytes before marker 0xd9
Corrupt JPEG data: 65 extraneous bytes before marker 0xd9
Corrupt JPEG data: 214 extraneous bytes before marker 0xd9
Corrupt JPEG data: 128 extraneous bytes before marker 0xd9
Corrupt JPEG data: 254 extraneous bytes before marker 0xd9
Corrupt JPEG data: 399 extraneous bytes before marker 0xd9
Corrupt JPEG data: 99 extraneous bytes before marker 0xd9
Corrupt JPEG data: 239 extraneous bytes before marker 0xd9
Corrupt JPEG data: 1153 extraneous bytes before marker 0xd9
Corrupt JPEG data: 399 extraneous bytes before marker 0xd9
Corrupt JPEG data: 254 extraneous bytes before marker 0xd9
Corrupt JPEG data: 214 extraneous bytes before marker 0xd9
Corrupt JPEG data: 128 extraneous bytes before marker 0xd9
Corrupt JPEG data: 65 extraneous bytes before marker 0xd9
Corrupt JPEG data: 239 extraneous bytes before marker 0xd9
Corrupt JPEG data: 99 extraneous bytes before marker 0xd9
Corrupt JPEG data: 128 extraneous bytes before marker 0xd9
Corrupt JPEG data: 239 extraneous bytes before marker 0xd9
Corrupt JPEG data: 214 extraneous bytes before marker 0xd9
Corrupt JPEG data: 254 extraneous bytes before marker 0xd9
Corrupt JPEG data: 99 extraneous bytes before marker 0xd9
Corrupt JPEG data: 1153 extraneous bytes before marker 0xd9
Corrupt JPEG data: 399 extraneous bytes before marker 0xd9
Corrupt JPEG data: 65 extraneous bytes before marker 0xd9
Corrupt JPEG data: 239 extraneous bytes before marker 0xd9
Corrupt JPEG data: 214 extraneous bytes before marker 0xd9
Corrupt JPEG data: 99 extraneous bytes before marker 0xd9
Corrupt JPEG data: 399 extraneous bytes before marker 0xd9
Corrupt JPEG data: 254 extraneous bytes before marker 0xd9
Corrupt JPEG data: 1153 extraneous bytes before marker 0xd9
Corrupt JPEG data: 128 extraneous bytes before marker 0xd9
Corrupt JPEG data: 65 extraneous bytes before marker 0xd9
Corrupt JPEG data: 399 extraneous bytes before marker 0xd9
Corrupt JPEG data: 99 extraneous bytes before marker 0xd9
Corrupt JPEG data: 1153 extraneous bytes before marker 0xd9
Corrupt JPEG data: 65 extraneous bytes before marker 0xd9
Corrupt JPEG data: 254 extraneous bytes before marker 0xd9
Corrupt JPEG data: 128 extraneous bytes before marker 0xd9
Corrupt JPEG data: 239 extraneous bytes before marker 0xd9
Corrupt JPEG data: 214 extraneous bytes before marker 0xd9
Corrupt JPEG data: 99 extraneous bytes before marker 0xd9
Corrupt JPEG data: 239 extraneous bytes before marker 0xd9
Corrupt JPEG data: 65 extraneous bytes before marker 0xd9
Corrupt JPEG data: 214 extraneous bytes before marker 0xd9
Corrupt JPEG data: 1153 extraneous bytes before marker 0xd9
Corrupt JPEG data: 128 extraneous bytes before marker 0xd9
Corrupt JPEG data: 254 extraneous bytes before marker 0xd9
Corrupt JPEG data: 399 extraneous bytes before marker 0xd9
Corrupt JPEG data: 99 extraneous bytes before marker 0xd9
Corrupt JPEG data: 214 extraneous bytes before marker 0xd9
Corrupt JPEG data: 399 extraneous bytes before marker 0xd9
Corrupt JPEG data: 65 extraneous bytes before marker 0xd9
Corrupt JPEG data: 254 extraneous bytes before marker 0xd9
Corrupt JPEG data: 128 extraneous bytes before marker 0xd9
Corrupt JPEG data: 239 extraneous bytes before marker 0xd9
Corrupt JPEG data: 1153 extraneous bytes before marker 0xd9
Corrupt JPEG data: 65 extraneous bytes before marker 0xd9
Corrupt JPEG data: 128 extraneous bytes before marker 0xd9
Corrupt JPEG data: 1153 extraneous bytes before marker 0xd9
Corrupt JPEG data: 214 extraneous bytes before marker 0xd9
Corrupt JPEG data: 254 extraneous bytes before marker 0xd9
Corrupt JPEG data: 99 extraneous bytes before marker 0xd9
Corrupt JPEG data: 399 extraneous bytes before marker 0xd9
Corrupt JPEG data: 239 extraneous bytes before marker 0xd9
Corrupt JPEG data: 99 extraneous bytes before marker 0xd9
Corrupt JPEG data: 1153 extraneous bytes before marker 0xd9
Corrupt JPEG data: 65 extraneous bytes before marker 0xd9
Corrupt JPEG data: 239 extraneous bytes before marker 0xd9
Corrupt JPEG data: 214 extraneous bytes before marker 0xd9
Corrupt JPEG data: 128 extraneous bytes before marker 0xd9
Corrupt JPEG data: 399 extraneous bytes before marker 0xd9
Corrupt JPEG data: 254 extraneous bytes before marker 0xd9
Corrupt JPEG data: 1153 extraneous bytes before marker 0xd9
Corrupt JPEG data: 128 extraneous bytes before marker 0xd9
Corrupt JPEG data: 214 extraneous bytes before marker 0xd9
Corrupt JPEG data: 99 extraneous bytes before marker 0xd9
Corrupt JPEG data: 239 extraneous bytes before marker 0xd9
Corrupt JPEG data: 254 extraneous bytes before marker 0xd9
Corrupt JPEG data: 65 extraneous bytes before marker 0xd9
Corrupt JPEG data: 399 extraneous bytes before marker 0xd9
Corrupt JPEG data: 1153 extraneous bytes before marker 0xd9
Corrupt JPEG data: 254 extraneous bytes before marker 0xd9
Corrupt JPEG data: 65 extraneous bytes before marker 0xd9
Corrupt JPEG data: 239 extraneous bytes before marker 0xd9
Corrupt JPEG data: 128 extraneous bytes before marker 0xd9
Corrupt JPEG data: 399 extraneous bytes before marker 0xd9
Corrupt JPEG data: 99 extraneous bytes before marker 0xd9
Corrupt JPEG data: 214 extraneous bytes before marker 0xd9
Corrupt JPEG data: 128 extraneous bytes before marker 0xd9
Corrupt JPEG data: 99 extraneous bytes before marker 0xd9
Corrupt JPEG data: 254 extraneous bytes before marker 0xd9
Corrupt JPEG data: 399 extraneous bytes before marker 0xd9
Corrupt JPEG data: 65 extraneous bytes before marker 0xd9
Corrupt JPEG data: 214 extraneous bytes before marker 0xd9
Corrupt JPEG data: 1153 extraneous bytes before marker 0xd9
Corrupt JPEG data: 239 extraneous bytes before marker 0xd9
Corrupt JPEG data: 254 extraneous bytes before marker 0xd9
Corrupt JPEG data: 128 extraneous bytes before marker 0xd9
Corrupt JPEG data: 99 extraneous bytes before marker 0xd9
Corrupt JPEG data: 1153 extraneous bytes before marker 0xd9
Corrupt JPEG data: 399 extraneous bytes before marker 0xd9
Corrupt JPEG data: 239 extraneous bytes before marker 0xd9
Corrupt JPEG data: 65 extraneous bytes before marker 0xd9
Corrupt JPEG data: 214 extraneous bytes before marker 0xd9
Corrupt JPEG data: 399 extraneous bytes before marker 0xd9
Corrupt JPEG data: 65 extraneous bytes before marker 0xd9
Corrupt JPEG data: 214 extraneous bytes before marker 0xd9
Corrupt JPEG data: 99 extraneous bytes before marker 0xd9
Corrupt JPEG data: 239 extraneous bytes before marker 0xd9
Corrupt JPEG data: 254 extraneous bytes before marker 0xd9
Corrupt JPEG data: 128 extraneous bytes before marker 0xd9
Corrupt JPEG data: 1153 extraneous bytes before marker 0xd9
Corrupt JPEG data: 254 extraneous bytes before marker 0xd9
Corrupt JPEG data: 399 extraneous bytes before marker 0xd9
Corrupt JPEG data: 128 extraneous bytes before marker 0xd9
Corrupt JPEG data: 1153 extraneous bytes before marker 0xd9
Corrupt JPEG data: 214 extraneous bytes before marker 0xd9
Corrupt JPEG data: 99 extraneous bytes before marker 0xd9
Corrupt JPEG data: 65 extraneous bytes before marker 0xd9
Corrupt JPEG data: 239 extraneous bytes before marker 0xd9
Corrupt JPEG data: 239 extraneous bytes before marker 0xd9
Corrupt JPEG data: 254 extraneous bytes before marker 0xd9
Corrupt JPEG data: 99 extraneous bytes before marker 0xd9
Corrupt JPEG data: 1153 extraneous bytes before marker 0xd9
Corrupt JPEG data: 399 extraneous bytes before marker 0xd9
Corrupt JPEG data: 128 extraneous bytes before marker 0xd9
Corrupt JPEG data: 65 extraneous bytes before marker 0xd9
Corrupt JPEG data: 214 extraneous bytes before marker 0xd9
Corrupt JPEG data: 214 extraneous bytes before marker 0xd9
Corrupt JPEG data: 99 extraneous bytes before marker 0xd9
Corrupt JPEG data: 399 extraneous bytes before marker 0xd9
Corrupt JPEG data: 254 extraneous bytes before marker 0xd9
Corrupt JPEG data: 1153 extraneous bytes before marker 0xd9
Corrupt JPEG data: 128 extraneous bytes before marker 0xd9
Corrupt JPEG data: 239 extraneous bytes before marker 0xd9
Corrupt JPEG data: 65 extraneous bytes before marker 0xd9
Corrupt JPEG data: 99 extraneous bytes before marker 0xd9
Corrupt JPEG data: 65 extraneous bytes before marker 0xd9
Corrupt JPEG data: 254 extraneous bytes before marker 0xd9
Corrupt JPEG data: 214 extraneous bytes before marker 0xd9
Corrupt JPEG data: 399 extraneous bytes before marker 0xd9
Corrupt JPEG data: 239 extraneous bytes before marker 0xd9
Corrupt JPEG data: 128 extraneous bytes before marker 0xd9
Corrupt JPEG data: 1153 extraneous bytes before marker 0xd9
Corrupt JPEG data: 128 extraneous bytes before marker 0xd9
Corrupt JPEG data: 214 extraneous bytes before marker 0xd9
Corrupt JPEG data: 399 extraneous bytes before marker 0xd9
Corrupt JPEG data: 1153 extraneous bytes before marker 0xd9
Corrupt JPEG data: 239 extraneous bytes before marker 0xd9
Corrupt JPEG data: 99 extraneous bytes before marker 0xd9
Corrupt JPEG data: 254 extraneous bytes before marker 0xd9
Corrupt JPEG data: 65 extraneous bytes before marker 0xd9
Corrupt JPEG data: 1153 extraneous bytes before marker 0xd9
Corrupt JPEG data: 65 extraneous bytes before marker 0xd9
Corrupt JPEG data: 99 extraneous bytes before marker 0xd9
Corrupt JPEG data: 239 extraneous bytes before marker 0xd9
Corrupt JPEG data: 214 extraneous bytes before marker 0xd9
Corrupt JPEG data: 399 extraneous bytes before marker 0xd9
Corrupt JPEG data: 254 extraneous bytes before marker 0xd9
Corrupt JPEG data: 128 extraneous bytes before marker 0xd9
Corrupt JPEG data: 1153 extraneous bytes before marker 0xd9
Corrupt JPEG data: 99 extraneous bytes before marker 0xd9
Corrupt JPEG data: 214 extraneous bytes before marker 0xd9
Corrupt JPEG data: 65 extraneous bytes before marker 0xd9
Corrupt JPEG data: 239 extraneous bytes before marker 0xd9
Corrupt JPEG data: 399 extraneous bytes before marker 0xd9
Corrupt JPEG data: 254 extraneous bytes before marker 0xd9
Corrupt JPEG data: 128 extraneous bytes before marker 0xd9
Corrupt JPEG data: 65 extraneous bytes before marker 0xd9
Corrupt JPEG data: 214 extraneous bytes before marker 0xd9
Corrupt JPEG data: 99 extraneous bytes before marker 0xd9
Corrupt JPEG data: 239 extraneous bytes before marker 0xd9
Corrupt JPEG data: 254 extraneous bytes before marker 0xd9
Corrupt JPEG data: 399 extraneous bytes before marker 0xd9
Corrupt JPEG data: 128 extraneous bytes before marker 0xd9
Corrupt JPEG data: 1153 extraneous bytes before marker 0xd9
Corrupt JPEG data: 214 extraneous bytes before marker 0xd9
Corrupt JPEG data: 1153 extraneous bytes before marker 0xd9
Corrupt JPEG data: 254 extraneous bytes before marker 0xd9
Corrupt JPEG data: 99 extraneous bytes before marker 0xd9
Corrupt JPEG data: 399 extraneous bytes before marker 0xd9
Corrupt JPEG data: 65 extraneous bytes before marker 0xd9
Corrupt JPEG data: 128 extraneous bytes before marker 0xd9
Corrupt JPEG data: 239 extraneous bytes before marker 0xd9
Corrupt JPEG data: 239 extraneous bytes before marker 0xd9
Corrupt JPEG data: 99 extraneous bytes before marker 0xd9
Corrupt JPEG data: 128 extraneous bytes before marker 0xd9
Corrupt JPEG data: 214 extraneous bytes before marker 0xd9
Corrupt JPEG data: 65 extraneous bytes before marker 0xd9
Corrupt JPEG data: 1153 extraneous bytes before marker 0xd9
Corrupt JPEG data: 399 extraneous bytes before marker 0xd9
Corrupt JPEG data: 254 extraneous bytes before marker 0xd9
Corrupt JPEG data: 254 extraneous bytes before marker 0xd9
Corrupt JPEG data: 99 extraneous bytes before marker 0xd9
Corrupt JPEG data: 214 extraneous bytes before marker 0xd9
Corrupt JPEG data: 1153 extraneous bytes before marker 0xd9
Corrupt JPEG data: 65 extraneous bytes before marker 0xd9
Corrupt JPEG data: 239 extraneous bytes before marker 0xd9
Corrupt JPEG data: 399 extraneous bytes before marker 0xd9
Corrupt JPEG data: 128 extraneous bytes before marker 0xd9
Corrupt JPEG data: 399 extraneous bytes before marker 0xd9
Corrupt JPEG data: 1153 extraneous bytes before marker 0xd9
Corrupt JPEG data: 99 extraneous bytes before marker 0xd9
Corrupt JPEG data: 65 extraneous bytes before marker 0xd9
Corrupt JPEG data: 254 extraneous bytes before marker 0xd9
Corrupt JPEG data: 128 extraneous bytes before marker 0xd9
Corrupt JPEG data: 214 extraneous bytes before marker 0xd9
Corrupt JPEG data: 239 extraneous bytes before marker 0xd9
Corrupt JPEG data: 239 extraneous bytes before marker 0xd9
Corrupt JPEG data: 214 extraneous bytes before marker 0xd9
Corrupt JPEG data: 99 extraneous bytes before marker 0xd9
Corrupt JPEG data: 65 extraneous bytes before marker 0xd9
Corrupt JPEG data: 128 extraneous bytes before marker 0xd9
Corrupt JPEG data: 399 extraneous bytes before marker 0xd9
Corrupt JPEG data: 1153 extraneous bytes before marker 0xd9
Corrupt JPEG data: 254 extraneous bytes before marker 0xd9
Corrupt JPEG data: 254 extraneous bytes before marker 0xd9
Corrupt JPEG data: 128 extraneous bytes before marker 0xd9
Corrupt JPEG data: 214 extraneous bytes before marker 0xd9
Corrupt JPEG data: 1153 extraneous bytes before marker 0xd9
Corrupt JPEG data: 65 extraneous bytes before marker 0xd9
Corrupt JPEG data: 99 extraneous bytes before marker 0xd9
Corrupt JPEG data: 239 extraneous bytes before marker 0xd9
Corrupt JPEG data: 399 extraneous bytes before marker 0xd9
Corrupt JPEG data: 128 extraneous bytes before marker 0xd9
Corrupt JPEG data: 214 extraneous bytes before marker 0xd9
Corrupt JPEG data: 99 extraneous bytes before marker 0xd9
Corrupt JPEG data: 399 extraneous bytes before marker 0xd9
Corrupt JPEG data: 65 extraneous bytes before marker 0xd9
Corrupt JPEG data: 1153 extraneous bytes before marker 0xd9
Corrupt JPEG data: 239 extraneous bytes before marker 0xd9
Corrupt JPEG data: 254 extraneous bytes before marker 0xd9
Corrupt JPEG data: 99 extraneous bytes before marker 0xd9
Corrupt JPEG data: 399 extraneous bytes before marker 0xd9
Corrupt JPEG data: 65 extraneous bytes before marker 0xd9
Corrupt JPEG data: 128 extraneous bytes before marker 0xd9
Corrupt JPEG data: 239 extraneous bytes before marker 0xd9
Corrupt JPEG data: 214 extraneous bytes before marker 0xd9
Corrupt JPEG data: 254 extraneous bytes before marker 0xd9
Corrupt JPEG data: 1153 extraneous bytes before marker 0xd9
Corrupt JPEG data: 399 extraneous bytes before marker 0xd9
Corrupt JPEG data: 128 extraneous bytes before marker 0xd9
Corrupt JPEG data: 65 extraneous bytes before marker 0xd9
Corrupt JPEG data: 1153 extraneous bytes before marker 0xd9
Corrupt JPEG data: 239 extraneous bytes before marker 0xd9
Corrupt JPEG data: 99 extraneous bytes before marker 0xd9
Corrupt JPEG data: 254 extraneous bytes before marker 0xd9
Corrupt JPEG data: 214 extraneous bytes before marker 0xd9
Corrupt JPEG data: 239 extraneous bytes before marker 0xd9
Corrupt JPEG data: 65 extraneous bytes before marker 0xd9
Corrupt JPEG data: 1153 extraneous bytes before marker 0xd9
Corrupt JPEG data: 254 extraneous bytes before marker 0xd9
Corrupt JPEG data: 128 extraneous bytes before marker 0xd9
Corrupt JPEG data: 399 extraneous bytes before marker 0xd9
Corrupt JPEG data: 99 extraneous bytes before marker 0xd9
Corrupt JPEG data: 214 extraneous bytes before marker 0xd9
/home/parnika.120376/.conda/envs/watermark_env/lib/python3.10/site-packages/torch/nn/modules/transformer.py:385: UserWarning: enable_nested_tensor is True, but self.use_nested_tensor is False because encoder_layer.norm_first was True
  warnings.warn(
Corrupt JPEG data: 162 extraneous bytes before marker 0xd9
Corrupt JPEG data: 1403 extraneous bytes before marker 0xd9
Warning: unknown JFIF revision number 0.00
Corrupt JPEG data: 226 extraneous bytes before marker 0xd9
Corrupt JPEG data: 2230 extraneous bytes before marker 0xd9
